c:\users\akihiro\documents\visual studio 2010\projects\randomforest8\randomforest8\x64\debug\tree.obj
c:\users\akihiro\documents\visual studio 2010\projects\randomforest8\randomforest8\x64\debug\subset.obj
c:\users\akihiro\documents\visual studio 2010\projects\randomforest8\randomforest8\x64\debug\split.obj
c:\users\akihiro\documents\visual studio 2010\projects\randomforest8\randomforest8\x64\debug\randomforest.obj
c:\users\akihiro\documents\visual studio 2010\projects\randomforest8\randomforest8\x64\debug\node.obj
c:\users\akihiro\documents\visual studio 2010\projects\randomforest8\randomforest8\x64\debug\main.obj
c:\users\akihiro\documents\visual studio 2010\projects\randomforest8\randomforest8\x64\debug\forest.obj
c:\users\akihiro\documents\visual studio 2010\projects\randomforest8\randomforest8\x64\debug\datapoint.obj
c:\users\akihiro\documents\visual studio 2010\projects\randomforest8\randomforest8\x64\debug\config.obj
c:\users\akihiro\documents\visual studio 2010\projects\randomforest8\randomforest8\x64\debug\vc100.pdb
c:\users\akihiro\desktop\研究\実験\exp34\exe\randomforest8\randomforest8\x64\debug\tree.obj
c:\users\akihiro\desktop\研究\実験\exp34\exe\randomforest8\randomforest8\x64\debug\subset.obj
c:\users\akihiro\desktop\研究\実験\exp34\exe\randomforest8\randomforest8\x64\debug\split.obj
c:\users\akihiro\desktop\研究\実験\exp34\exe\randomforest8\randomforest8\x64\debug\randomforest.obj
c:\users\akihiro\desktop\研究\実験\exp34\exe\randomforest8\randomforest8\x64\debug\node.obj
c:\users\akihiro\desktop\研究\実験\exp34\exe\randomforest8\randomforest8\x64\debug\main.obj
c:\users\akihiro\desktop\研究\実験\exp34\exe\randomforest8\randomforest8\x64\debug\forest.obj
c:\users\akihiro\desktop\研究\実験\exp34\exe\randomforest8\randomforest8\x64\debug\datapoint.obj
c:\users\akihiro\desktop\研究\実験\exp34\exe\randomforest8\randomforest8\x64\debug\config.obj
c:\users\akihiro\desktop\研究\実験\exp34\exe\randomforest8\randomforest8\x64\debug\vc100.pdb
c:\users\akihiro\documents\visual studio 2010\projects\randomforest8\x64\debug\randomforest8.exe
c:\users\akihiro\documents\visual studio 2010\projects\randomforest8\randomforest8\x64\debug\randomforest8.exe.intermediate.manifest
c:\users\akihiro\desktop\研究\実験\exp34\exe\randomforest8\x64\debug\randomforest8.exe
c:\users\akihiro\desktop\研究\実験\exp34\exe\randomforest8\randomforest8\x64\debug\randomforest8.exe.intermediate.manifest
c:\temp\oscc\codes\exe\randomforest8\randomforest8\x64\debug\randomforest8.vcxprojresolveassemblyreference.cache
c:\temp\oscc\codes\exe\randomforest8\randomforest8\x64\debug\config.obj
c:\temp\oscc\codes\exe\randomforest8\randomforest8\x64\debug\datapoint.obj
c:\temp\oscc\codes\exe\randomforest8\randomforest8\x64\debug\forest.obj
c:\temp\oscc\codes\exe\randomforest8\randomforest8\x64\debug\main.obj
c:\temp\oscc\codes\exe\randomforest8\randomforest8\x64\debug\node.obj
c:\temp\oscc\codes\exe\randomforest8\randomforest8\x64\debug\randomforest.obj
c:\temp\oscc\codes\exe\randomforest8\randomforest8\x64\debug\split.obj
c:\temp\oscc\codes\exe\randomforest8\randomforest8\x64\debug\subset.obj
c:\temp\oscc\codes\exe\randomforest8\randomforest8\x64\debug\tree.obj
c:\temp\oscc\codes\exe\randomforest8\randomforest8\x64\debug\cl.command.1.tlog
c:\temp\oscc\codes\exe\randomforest8\randomforest8\x64\debug\cl.read.1.tlog
c:\temp\oscc\codes\exe\randomforest8\randomforest8\x64\debug\cl.write.1.tlog
c:\temp\oscc\codes\exe\randomforest8\randomforest8\x64\debug\link.command.1.tlog
c:\temp\oscc\codes\exe\randomforest8\randomforest8\x64\debug\link.read.1.tlog
c:\temp\oscc\codes\exe\randomforest8\randomforest8\x64\debug\link.write.1.tlog
c:\temp\oscc\codes\exe\randomforest8\randomforest8\x64\debug\mt.command.1.tlog
c:\temp\oscc\codes\exe\randomforest8\randomforest8\x64\debug\mt.read.1.tlog
c:\temp\oscc\codes\exe\randomforest8\randomforest8\x64\debug\mt.write.1.tlog
c:\temp\oscc\codes\exe\randomforest8\randomforest8\x64\debug\randomforest8.write.1.tlog
c:\temp\oscc\codes\exe\randomforest8\randomforest8\x64\debug\randomforest8.exe.intermediate.manifest
c:\temp\oscc\codes\exe\randomforest8\randomforest8\x64\debug\vc100.pdb
c:\temp\oscc\codes\exe\randomforest8\x64\debug\randomforest8.exe
