2016/02/22 12:18:20 にビルドを開始しました。
     1>ノード 2 上のプロジェクト "c:\Users\Akihiro\documents\visual studio 2010\Projects\FeatureExtraction10\FeatureExtraction10\FeatureExtraction10.vcxproj" (build ターゲット)。
     1>InitializeBuildStatus:
         "AlwaysCreate" が指定されたため "Debug\FeatureExtraction10.unsuccessfulbuild" を作成しています。
       ClCompile:
         c:\Program Files (x86)\Microsoft Visual Studio 10.0\VC\bin\CL.exe /c /ZI /nologo /W3 /WX- /Od /Oy- /D WIN32 /D _DEBUG /D _CONSOLE /D _UNICODE /D UNICODE /Gm /EHsc /RTC1 /MDd /GS /fp:precise /Zc:wchar_t /Zc:forScope /Fo"Debug\\" /Fd"Debug\vc100.pdb" /Gd /TP /analyze- /errorReport:prompt regionnum.cpp
         regionnum.cpp
     1>c:\users\akihiro\documents\visual studio 2010\projects\featureextraction10\featureextraction10\regionnum.cpp(196): warning C4244: '=' : 'int' から 'float' への変換です。データが失われる可能性があります。
       ManifestResourceCompile:
         すべての出力が最新のものです。
       Link:
         c:\Program Files (x86)\Microsoft Visual Studio 10.0\VC\bin\link.exe /ERRORREPORT:PROMPT /OUT:"c:\users\akihiro\documents\visual studio 2010\Projects\FeatureExtraction10\Debug\FeatureExtraction10.exe" /INCREMENTAL /NOLOGO kernel32.lib user32.lib gdi32.lib winspool.lib comdlg32.lib advapi32.lib shell32.lib ole32.lib oleaut32.lib uuid.lib odbc32.lib odbccp32.lib /MANIFEST /ManifestFile:"Debug\FeatureExtraction10.exe.intermediate.manifest" /MANIFESTUAC:"level='asInvoker' uiAccess='false'" /DEBUG /PDB:"c:\users\akihiro\documents\visual studio 2010\Projects\FeatureExtraction10\Debug\FeatureExtraction10.pdb" /SUBSYSTEM:CONSOLE /TLBID:1 /DYNAMICBASE /NXCOMPAT /IMPLIB:"c:\users\akihiro\documents\visual studio 2010\Projects\FeatureExtraction10\Debug\FeatureExtraction10.lib" /MACHINE:X86 Debug\FeatureExtraction10.exe.embed.manifest.res
         Debug\area.obj
         Debug\baseferature.obj
         Debug\border.obj
         Debug\borderlist.obj
         Debug\curvature.obj
         Debug\direction.obj
         Debug\extractor.obj
         Debug\funicular.obj
         Debug\jaggy.obj
         Debug\length.obj
         Debug\main.obj
         Debug\pbm.obj
         Debug\point.obj
         Debug\ppm.obj
         Debug\regionnum.obj
       Manifest:
         C:\Program Files (x86)\Microsoft SDKs\Windows\v7.0A\bin\mt.exe /nologo /verbose /out:"Debug\FeatureExtraction10.exe.embed.manifest" /manifest Debug\FeatureExtraction10.exe.intermediate.manifest
         すべての出力が最新のものです。
       LinkEmbedManifest:
         すべての出力が最新のものです。
         FeatureExtraction10.vcxproj -> c:\users\akihiro\documents\visual studio 2010\Projects\FeatureExtraction10\Debug\FeatureExtraction10.exe
       FinalizeBuildStatus:
         ファイル "Debug\FeatureExtraction10.unsuccessfulbuild" を削除しています。
         "Debug\FeatureExtraction10.lastbuildstate" のタッチ タスクを実行しています。
     1>プロジェクト "c:\Users\Akihiro\documents\visual studio 2010\Projects\FeatureExtraction10\FeatureExtraction10\FeatureExtraction10.vcxproj" (build ターゲット) のビルドが完了しました。

ビルドに成功しました。

経過時間 00:00:00.81
