c:\temp\oscc\codes\exe\featureextraction10\featureextraction10\debug\vc142.pdb
c:\temp\oscc\codes\exe\featureextraction10\featureextraction10\debug\vc142.idb
c:\temp\oscc\codes\exe\featureextraction10\featureextraction10\debug\regionnum.obj
c:\temp\oscc\codes\exe\featureextraction10\featureextraction10\debug\ppm.obj
c:\temp\oscc\codes\exe\featureextraction10\featureextraction10\debug\point.obj
c:\temp\oscc\codes\exe\featureextraction10\featureextraction10\debug\pbm.obj
c:\temp\oscc\codes\exe\featureextraction10\featureextraction10\debug\main.obj
c:\temp\oscc\codes\exe\featureextraction10\featureextraction10\debug\length.obj
c:\temp\oscc\codes\exe\featureextraction10\featureextraction10\debug\jaggy.obj
c:\temp\oscc\codes\exe\featureextraction10\featureextraction10\debug\funicular.obj
c:\temp\oscc\codes\exe\featureextraction10\featureextraction10\debug\extractor.obj
c:\temp\oscc\codes\exe\featureextraction10\featureextraction10\debug\direction.obj
c:\temp\oscc\codes\exe\featureextraction10\featureextraction10\debug\curvature.obj
c:\temp\oscc\codes\exe\featureextraction10\featureextraction10\debug\borderlist.obj
c:\temp\oscc\codes\exe\featureextraction10\featureextraction10\debug\border.obj
c:\temp\oscc\codes\exe\featureextraction10\featureextraction10\debug\baseferature.obj
c:\temp\oscc\codes\exe\featureextraction10\featureextraction10\debug\area.obj
c:\temp\oscc\codes\exe\featureextraction10\debug\featureextraction10.ilk
c:\temp\oscc\codes\exe\featureextraction10\debug\featureextraction10.exe
c:\temp\oscc\codes\exe\featureextraction10\debug\featureextraction10.pdb
c:\temp\oscc\codes\exe\featureextraction10\featureextraction10\debug\featuree.032edfd7.tlog\cl.command.1.tlog
c:\temp\oscc\codes\exe\featureextraction10\featureextraction10\debug\featuree.032edfd7.tlog\cl.read.1.tlog
c:\temp\oscc\codes\exe\featureextraction10\featureextraction10\debug\featuree.032edfd7.tlog\cl.write.1.tlog
c:\temp\oscc\codes\exe\featureextraction10\featureextraction10\debug\featuree.032edfd7.tlog\link.command.1.tlog
c:\temp\oscc\codes\exe\featureextraction10\featureextraction10\debug\featuree.032edfd7.tlog\link.read.1.tlog
c:\temp\oscc\codes\exe\featureextraction10\featureextraction10\debug\featuree.032edfd7.tlog\link.write.1.tlog
