2016/11/16 16:47:34 にビルドを開始しました。
     1>ノード 2 上のプロジェクト "C:\Users\Akihiro\Desktop\研究\実験\exp34\exe\RandomForest8\RandomForest8\RandomForest8.vcxproj" (build ターゲット)。
     1>InitializeBuildStatus:
         "AlwaysCreate" が指定されたため "x64\Debug\RandomForest8.unsuccessfulbuild" を作成しています。
       ClCompile:
         c:\Program Files (x86)\Microsoft Visual Studio 10.0\VC\bin\x86_amd64\CL.exe /c /Zi /nologo /W1 /WX- /O2 /Gm- /EHsc /MD /GS /fp:precise /Zc:wchar_t /Zc:forScope /Fo"x64\Debug\\" /Fd"x64\Debug\vc100.pdb" /Gd /TP /errorReport:prompt config.cpp datapoint.cpp forest.cpp main.cpp node.cpp randomforest.cpp split.cpp subset.cpp tree.cpp
         config.cpp
         datapoint.cpp
         forest.cpp
         main.cpp
         node.cpp
         randomforest.cpp
         split.cpp
         subset.cpp
         tree.cpp
         Generating Code...
       Link:
         c:\Program Files (x86)\Microsoft Visual Studio 10.0\VC\bin\x86_amd64\link.exe /ERRORREPORT:PROMPT /OUT:"C:\Users\Akihiro\Desktop\研究\実験\exp34\exe\RandomForest8\x64\Debug\RandomForest8.exe" /NOLOGO kernel32.lib user32.lib gdi32.lib winspool.lib comdlg32.lib advapi32.lib shell32.lib ole32.lib oleaut32.lib uuid.lib odbc32.lib odbccp32.lib /MANIFEST /ManifestFile:"x64\Debug\RandomForest8.exe.intermediate.manifest" /MANIFESTUAC:"level='asInvoker' uiAccess='false'" /PDB:"C:\Users\Akihiro\Desktop\研究\実験\exp34\exe\RandomForest8\x64\Debug\RandomForest8.pdb" /SUBSYSTEM:CONSOLE /TLBID:1 /DYNAMICBASE /NXCOMPAT /IMPLIB:"C:\Users\Akihiro\Desktop\研究\実験\exp34\exe\RandomForest8\x64\Debug\RandomForest8.lib" /MACHINE:X64 x64\Debug\config.obj
         x64\Debug\datapoint.obj
         x64\Debug\forest.obj
         x64\Debug\main.obj
         x64\Debug\node.obj
         x64\Debug\randomforest.obj
         x64\Debug\split.obj
         x64\Debug\subset.obj
         x64\Debug\tree.obj
         RandomForest8.vcxproj -> C:\Users\Akihiro\Desktop\研究\実験\exp34\exe\RandomForest8\x64\Debug\RandomForest8.exe
       Manifest:
         C:\Program Files (x86)\Microsoft SDKs\Windows\v7.0A\bin\mt.exe /nologo /verbose /outputresource:"C:\Users\Akihiro\Desktop\研究\実験\exp34\exe\RandomForest8\x64\Debug\RandomForest8.exe;#1" /manifest x64\Debug\RandomForest8.exe.intermediate.manifest
       FinalizeBuildStatus:
         ファイル "x64\Debug\RandomForest8.unsuccessfulbuild" を削除しています。
         "x64\Debug\RandomForest8.lastbuildstate" のタッチ タスクを実行しています。
     1>プロジェクト "C:\Users\Akihiro\Desktop\研究\実験\exp34\exe\RandomForest8\RandomForest8\RandomForest8.vcxproj" (build ターゲット) のビルドが完了しました。

ビルドに成功しました。

経過時間 00:00:05.78
