2016/02/02 12:07:28 にビルドを開始しました。
     1>ノード 2 上のプロジェクト "C:\Users\Akihiro\Documents\Visual Studio 2010\Projects\RandomForest8\RandomForest8\RandomForest8.vcxproj" (build ターゲット)。
     1>InitializeBuildStatus:
         "AlwaysCreate" が指定されたため "Debug\RandomForest8.unsuccessfulbuild" を作成しています。
       ClCompile:
         c:\Program Files (x86)\Microsoft Visual Studio 10.0\VC\bin\CL.exe /c /ZI /nologo /W3 /WX- /Od /Oy- /D WIN32 /D _DEBUG /D _CONSOLE /D _UNICODE /D UNICODE /Gm /EHsc /RTC1 /MDd /GS /fp:precise /Zc:wchar_t /Zc:forScope /Fo"Debug\\" /Fd"Debug\vc100.pdb" /Gd /TP /analyze- /errorReport:prompt config.cpp datapoint.cpp forest.cpp main.cpp node.cpp randomforest.cpp split.cpp subset.cpp tree.cpp
         tree.cpp
         subset.cpp
         split.cpp
         randomforest.cpp
         node.cpp
         main.cpp
         forest.cpp
         datapoint.cpp
         config.cpp
         コードを生成中...
       ManifestResourceCompile:
         すべての出力が最新のものです。
       Link:
         c:\Program Files (x86)\Microsoft Visual Studio 10.0\VC\bin\link.exe /ERRORREPORT:PROMPT /OUT:"C:\Users\Akihiro\Documents\Visual Studio 2010\Projects\RandomForest8\Debug\RandomForest8.exe" /INCREMENTAL /NOLOGO kernel32.lib user32.lib gdi32.lib winspool.lib comdlg32.lib advapi32.lib shell32.lib ole32.lib oleaut32.lib uuid.lib odbc32.lib odbccp32.lib /MANIFEST /ManifestFile:"Debug\RandomForest8.exe.intermediate.manifest" /MANIFESTUAC:"level='asInvoker' uiAccess='false'" /DEBUG /PDB:"C:\Users\Akihiro\Documents\Visual Studio 2010\Projects\RandomForest8\Debug\RandomForest8.pdb" /SUBSYSTEM:CONSOLE /TLBID:1 /DYNAMICBASE /NXCOMPAT /IMPLIB:"C:\Users\Akihiro\Documents\Visual Studio 2010\Projects\RandomForest8\Debug\RandomForest8.lib" /MACHINE:X86 Debug\RandomForest8.exe.embed.manifest.res
         Debug\config.obj
         Debug\datapoint.obj
         Debug\forest.obj
         Debug\main.obj
         Debug\node.obj
         Debug\randomforest.obj
         Debug\split.obj
         Debug\subset.obj
         Debug\tree.obj
       Manifest:
         C:\Program Files (x86)\Microsoft SDKs\Windows\v7.0A\bin\mt.exe /nologo /verbose /out:"Debug\RandomForest8.exe.embed.manifest" /manifest Debug\RandomForest8.exe.intermediate.manifest
         すべての出力が最新のものです。
       LinkEmbedManifest:
         すべての出力が最新のものです。
         RandomForest8.vcxproj -> C:\Users\Akihiro\Documents\Visual Studio 2010\Projects\RandomForest8\Debug\RandomForest8.exe
       FinalizeBuildStatus:
         ファイル "Debug\RandomForest8.unsuccessfulbuild" を削除しています。
         "Debug\RandomForest8.lastbuildstate" のタッチ タスクを実行しています。
     1>プロジェクト "C:\Users\Akihiro\Documents\Visual Studio 2010\Projects\RandomForest8\RandomForest8\RandomForest8.vcxproj" (build ターゲット) のビルドが完了しました。

ビルドに成功しました。

経過時間 00:00:04.84
