2016/02/03 16:28:49 にビルドを開始しました。
     1>ノード 2 上のプロジェクト "C:\Users\Akihiro\Desktop\実験\exp33 自分チョイス\exe\LeaveOneOutBat\LeaveOneOutBat\LeaveOneOutBat.vcxproj" (build ターゲット)。
     1>InitializeBuildStatus:
         "AlwaysCreate" が指定されたため "Debug\LeaveOneOutBat.unsuccessfulbuild" を作成しています。
       ClCompile:
         c:\Program Files (x86)\Microsoft Visual Studio 10.0\VC\bin\CL.exe /c /ZI /nologo /W3 /WX- /Od /Oy- /D WIN32 /D _DEBUG /D _CONSOLE /D _MBCS /Gm /EHsc /RTC1 /MDd /GS /fp:precise /Zc:wchar_t /Zc:forScope /Fo"Debug\\" /Fd"Debug\vc100.pdb" /Gd /TP /analyze- /errorReport:prompt dir.cpp main.cpp
         main.cpp
         dir.cpp
         コードを生成中...
       ManifestResourceCompile:
         C:\Program Files (x86)\Microsoft SDKs\Windows\v7.0A\bin\rc.exe /nologo /fo"Debug\LeaveOneOutBat.exe.embed.manifest.res" Debug\LeaveOneOutBat_manifest.rc 
       Link:
         c:\Program Files (x86)\Microsoft Visual Studio 10.0\VC\bin\link.exe /ERRORREPORT:PROMPT /OUT:"C:\Users\Akihiro\Desktop\実験\exp33 自分チョイス\exe\LeaveOneOutBat\Debug\LeaveOneOutBat.exe" /INCREMENTAL /NOLOGO kernel32.lib user32.lib gdi32.lib winspool.lib comdlg32.lib advapi32.lib shell32.lib ole32.lib oleaut32.lib uuid.lib odbc32.lib odbccp32.lib /MANIFEST /ManifestFile:"Debug\LeaveOneOutBat.exe.intermediate.manifest" /MANIFESTUAC:"level='asInvoker' uiAccess='false'" /DEBUG /PDB:"C:\Users\Akihiro\Desktop\実験\exp33 自分チョイス\exe\LeaveOneOutBat\Debug\LeaveOneOutBat.pdb" /SUBSYSTEM:CONSOLE /TLBID:1 /DYNAMICBASE /NXCOMPAT /IMPLIB:"C:\Users\Akihiro\Desktop\実験\exp33 自分チョイス\exe\LeaveOneOutBat\Debug\LeaveOneOutBat.lib" /MACHINE:X86 Debug\LeaveOneOutBat.exe.embed.manifest.res
         Debug\dir.obj
         Debug\main.obj
       Manifest:
         C:\Program Files (x86)\Microsoft SDKs\Windows\v7.0A\bin\mt.exe /nologo /verbose /out:"Debug\LeaveOneOutBat.exe.embed.manifest" /manifest Debug\LeaveOneOutBat.exe.intermediate.manifest
         すべての出力が最新のものです。
       LinkEmbedManifest:
         すべての出力が最新のものです。
         LeaveOneOutBat.vcxproj -> C:\Users\Akihiro\Desktop\実験\exp33 自分チョイス\exe\LeaveOneOutBat\Debug\LeaveOneOutBat.exe
       FinalizeBuildStatus:
         ファイル "Debug\LeaveOneOutBat.unsuccessfulbuild" を削除しています。
         "Debug\LeaveOneOutBat.lastbuildstate" のタッチ タスクを実行しています。
     1>プロジェクト "C:\Users\Akihiro\Desktop\実験\exp33 自分チョイス\exe\LeaveOneOutBat\LeaveOneOutBat\LeaveOneOutBat.vcxproj" (build ターゲット) のビルドが完了しました。

ビルドに成功しました。

経過時間 00:00:02.84
